<?xml version="1.0" encoding="UTF-8"?>
<!-- Generated by org.testng.reporters.JUnitReportReporter -->
<testsuite hostname="LTIN511089" failures="0" tests="6" name="testNgClass.testClass" time="298.013" errors="0" timestamp="2024-10-29T11:25:22 IST" skipped="0">
  <testcase classname="testNgClass.testClass" name="testUpComingBikes" time="52.232"/>
  <testcase classname="testNgClass.testClass" name="testUpComingBikes" time="126.653"/>
  <testcase classname="testNgClass.testClass" name="testUsedCars" time="54.401"/>
  <testcase classname="testNgClass.testClass" name="testUsedCars" time="31.242"/>
  <testcase classname="testNgClass.testClass" name="testGoogleSignIn" time="16.968"/>
  <testcase classname="testNgClass.testClass" name="testGoogleSignIn" time="16.517"/>
</testsuite> <!-- testNgClass.testClass -->
