<?xml version="1.0" encoding="UTF-8"?>
<!-- Generated by org.testng.reporters.JUnitReportReporter -->
<testsuite hostname="LTIN511089" failures="0" tests="3" name="buildVerificationTest.smokeTest" time="59.715" errors="0" timestamp="2024-11-04T15:20:25 IST" skipped="0">
  <testcase classname="buildVerificationTest.smokeTest" name="upComingBikes" time="41.804"/>
  <testcase classname="buildVerificationTest.smokeTest" name="usedCars" time="8.592"/>
  <testcase classname="buildVerificationTest.smokeTest" name="testGoogleSignIn" time="9.319"/>
</testsuite> <!-- buildVerificationTest.smokeTest -->
