<?xml version="1.0" encoding="UTF-8"?>
<!-- Generated by org.testng.reporters.JUnitReportReporter -->
<testsuite hostname="LTIN513074" failures="0" tests="3" name="buildVerificationTest.regressionTest" time="103.800" errors="0" timestamp="2024-11-07T10:27:51 IST" skipped="0">
  <testcase classname="buildVerificationTest.regressionTest" name="testGoogleSignIn" time="26.892"/>
  <testcase classname="buildVerificationTest.regressionTest" name="upComingBikes" time="24.639"/>
  <testcase classname="buildVerificationTest.regressionTest" name="usedCars" time="52.269"/>
</testsuite> <!-- buildVerificationTest.regressionTest -->
